0 info it worked if it ends with ok
1 verbose cli [ 'C:\\Program Files\\nodejs\\node.exe',
1 verbose cli   'C:\\Program Files\\nodejs\\node_modules\\npm\\bin\\npm-cli.js',
1 verbose cli   'run',
1 verbose cli   'start' ]
2 info using npm@3.6.0
3 info using node@v5.7.0
4 verbose run-script [ 'prestart', 'start', 'poststart' ]
5 info lifecycle react-redux-smaple@1.0.0~prestart: react-redux-smaple@1.0.0
6 silly lifecycle react-redux-smaple@1.0.0~prestart: no script for prestart, continuing
7 info lifecycle react-redux-smaple@1.0.0~start: react-redux-smaple@1.0.0
8 verbose lifecycle react-redux-smaple@1.0.0~start: unsafe-perm in lifecycle true
9 verbose lifecycle react-redux-smaple@1.0.0~start: PATH: C:\ProgramData\nvm\v5.7.0\node_modules\npm\bin\node-gyp-bin;C:\git\react-redux-smaple\node_modules\.bin;C:\Users\EStoppa\bin;C:\Program Files\Git\mingw64\bin;C:\Program Files\Git\usr\local\bin;C:\Program Files\Git\usr\bin;C:\Program Files\Git\usr\bin;C:\Program Files\Git\mingw64\bin;C:\Program Files\Git\usr\bin;C:\Users\EStoppa\bin;C:\Oracle2\product\12.1.0\dbhome_1\bin;C:\Oracle2\product\12.1.0\client_3;C:\Oracle2\product\12.1.0\client_3\bin;C:\Oracle2\product\12.1.0\client_2;C:\Oracle2\product\12.1.0\client_2\bin;C:\Oracle2\product\12.1.0\client_1;C:\Oracle2\product\12.1.0\client_1\bin;C:\Program Files\Docker\Docker\Resources\bin;C:\ProgramData\Oracle\Java\javapath;C:\Program Files (x86)\Intel\iCLS Client;C:\Program Files\Intel\iCLS Client;C:\Windows\system32;C:\Windows;C:\Windows\System32\Wbem;C:\Windows\System32\WindowsPowerShell\v1.0;C:\Program Files (x86)\Intel\Intel(R) Management Engine Components\DAL;C:\Program Files\Intel\Intel(R) Management Engine Components\DAL;C:\Program Files (x86)\Intel\Intel(R) Management Engine Components\IPT;C:\Program Files\Intel\Intel(R) Management Engine Components\IPT;C:\Program Files\SourceGear\Common\DiffMerge;C:\Program Files\Git\cmd;C:\Program Files\Microsoft SQL Server\130\Tools\Binn;C:\Program Files (x86)\Microsoft SQL Server\110\DTS\Binn;C:\Program Files (x86)\Microsoft SQL Server\120\DTS\Binn;C:\Program Files (x86)\Microsoft SQL Server\130\DTS\Binn;C:\Program Files\Microsoft SQL Server\110\DTS\Binn;C:\Program Files (x86)\Microsoft SQL Server\110\Tools\Binn;C:\Program Files\Microsoft SQL Server\110\Tools\Binn;C:\Program Files (x86)\Microsoft SQL Server\110\Tools\Binn\ManagementStudio;C:\Program Files (x86)\Microsoft Visual Studio 10.0\Common7\IDE\PrivateAssemblies;C:\Program Files\Microsoft SQL Server\Client SDK\ODBC\110\Tools\Binn;C:\Program Files (x86)\Microsoft SQL Server\120\Tools\Binn;C:\Program Files\Microsoft SQL Server\120\Tools\Binn;C:\Program Files\Microsoft SQL Server\120\DTS\Binn;C:\Program Files (x86)\Microsoft SQL Server\120\Tools\Binn\ManagementStudio;C:\Program Files (x86)\Microsoft Team Foundation Server 2015 Power Tools;C:\Program Files\Microsoft\Web Platform Installer;C:\Windows\system32\config\systemprofile\.dnx\bin;C:\Program Files\Microsoft DNX\Dnvm;C:\Program Files\Intel\WiFi\bin;C:\Program Files\Common Files\Intel\WirelessCommon;C:\ProgramData\chocolatey\bin;C:\ProgramData\nvm;C:\Program Files\nodejs;C:\jruby-1.7.26\bin;C:\Users\EStoppa\AppData\Local\Microsoft\WindowsApps;C:\Program Files (x86)\Sophos\Sophos SSL VPN Client\bin;C:\Users\EStoppa\AppData\Local\atom\bin;C:\Program Files\Microsoft SQL Server\90\Tools\Binn;C:\Program Files\Docker Toolbox;C:\Program Files\Git\usr\bin\vendor_perl;C:\Program Files\Git\usr\bin\core_perl
10 verbose lifecycle react-redux-smaple@1.0.0~start: CWD: C:\git\react-redux-smaple
11 silly lifecycle react-redux-smaple@1.0.0~start: Args: [ '/d /s /c',
11 silly lifecycle   'cross-env NODE_ENV=development browser-sync start -c server.js' ]
12 silly lifecycle react-redux-smaple@1.0.0~start: Returned: code: 1  signal: null
13 info lifecycle react-redux-smaple@1.0.0~start: Failed to exec start script
14 verbose stack Error: react-redux-smaple@1.0.0 start: `cross-env NODE_ENV=development browser-sync start -c server.js`
14 verbose stack Exit status 1
14 verbose stack     at EventEmitter.<anonymous> (C:\ProgramData\nvm\v5.7.0\node_modules\npm\lib\utils\lifecycle.js:232:16)
14 verbose stack     at emitTwo (events.js:100:13)
14 verbose stack     at EventEmitter.emit (events.js:185:7)
14 verbose stack     at ChildProcess.<anonymous> (C:\ProgramData\nvm\v5.7.0\node_modules\npm\lib\utils\spawn.js:24:14)
14 verbose stack     at emitTwo (events.js:100:13)
14 verbose stack     at ChildProcess.emit (events.js:185:7)
14 verbose stack     at maybeClose (internal/child_process.js:827:16)
14 verbose stack     at Process.ChildProcess._handle.onexit (internal/child_process.js:211:5)
15 verbose pkgid react-redux-smaple@1.0.0
16 verbose cwd C:\git\react-redux-smaple
17 error Windows_NT 10.0.14393
18 error argv "C:\\Program Files\\nodejs\\node.exe" "C:\\Program Files\\nodejs\\node_modules\\npm\\bin\\npm-cli.js" "run" "start"
19 error node v5.7.0
20 error npm  v3.6.0
21 error code ELIFECYCLE
22 error react-redux-smaple@1.0.0 start: `cross-env NODE_ENV=development browser-sync start -c server.js`
22 error Exit status 1
23 error Failed at the react-redux-smaple@1.0.0 start script 'cross-env NODE_ENV=development browser-sync start -c server.js'.
23 error Make sure you have the latest version of node.js and npm installed.
23 error If you do, this is most likely a problem with the react-redux-smaple package,
23 error not with npm itself.
23 error Tell the author that this fails on your system:
23 error     cross-env NODE_ENV=development browser-sync start -c server.js
23 error You can get information on how to open an issue for this project with:
23 error     npm bugs react-redux-smaple
23 error Or if that isn't available, you can get their info via:
23 error     npm owner ls react-redux-smaple
23 error There is likely additional logging output above.
24 verbose exit [ 1, true ]
